  [4;36;1mSQL (0.000130)[0m   [0;1mSET SQL_AUTO_IS_NULL=0[0m
  [4;36;1mSQL (0.000131)[0m   [0;1mSET SQL_AUTO_IS_NULL=0[0m
  [4;36;1mSQL (0.000144)[0m   [0;1mSET SQL_AUTO_IS_NULL=0[0m
  [4;36;1mSQL (0.000187)[0m   [0;1mSET SQL_AUTO_IS_NULL=0[0m
  [4;36;1mSQL (0.000149)[0m   [0;1mSET SQL_AUTO_IS_NULL=0[0m
  [4;36;1mSQL (0.000163)[0m   [0;1mSET SQL_AUTO_IS_NULL=0[0m
  [4;36;1mSQL (0.000150)[0m   [0;1mSET SQL_AUTO_IS_NULL=0[0m
WARNING: You're using the Ruby-based MySQL library that ships with Rails. This library is not suited for production. Please install the C-based MySQL library instead (gem install mysql).
  [4;36;1mSQL (0.000125)[0m   [0;1mSET SQL_AUTO_IS_NULL=0[0m
  [4;35;1mSQL (0.000000)[0m   [0mMysql::Error: #42S02Unknown table 'sprocket_fulfillment_orders': DROP TABLE `sprocket_fulfillment_orders`[0m
  [4;36;1mSQL (0.099024)[0m   [0;1mCREATE TABLE `sprocket_fulfillment_orders` (`id` int(11) DEFAULT NULL auto_increment PRIMARY KEY, `ship_via` varchar(3) DEFAULT NULL, `billing_last_name` varchar(20) DEFAULT NULL, `billing_first_name` varchar(15) DEFAULT NULL, `billing_company` varchar(40) DEFAULT NULL, `billig_address_1` varchar(40) DEFAULT NULL, `billing_address_2` varchar(40) DEFAULT NULL, `billing_city` varchar(20) DEFAULT NULL, `billing_state` varchar(3) DEFAULT NULL, `billing_zipcode` varchar(10) DEFAULT NULL, `billing_phone` varchar(14) DEFAULT NULL, `billing_email` varchar(50) DEFAULT NULL, `billing_country` varchar(3) DEFAULT NULL, `shipping_last_name` varchar(20) DEFAULT NULL, `shipping_first_name` varchar(15) DEFAULT NULL, `shipping_company` varchar(40) DEFAULT NULL, `shipping_address_1` varchar(40) DEFAULT NULL, `shipping_address_2` varchar(40) DEFAULT NULL, `shipping_city` varchar(20) DEFAULT NULL, `shipping_state` varchar(3) DEFAULT NULL, `shipping_zipcode` varchar(10) DEFAULT NULL, `shipping_phone` varchar(14) DEFAULT NULL, `shipping_email` varchar(50) DEFAULT NULL, `shipping_country` varchar(3) DEFAULT NULL, `date_of_original_purchase_transaction` datetime DEFAULT NULL, `id_from_original_purchase_transaction` int(11) DEFAULT NULL, `hold_date` datetime DEFAULT NULL, `shipping_fee` decimal(8,2) DEFAULT NULL, `gift_message_1` varchar(70) DEFAULT NULL, `gift_message_2` varchar(70) DEFAULT NULL, `gift_message_3` varchar(70) DEFAULT NULL, `created_at` datetime DEFAULT NULL, `updated_at` datetime DEFAULT NULL) ENGINE=InnoDB[0m
  [4;35;1mSQL (0.000000)[0m   [0mMysql::Error: #42S02Unknown table 'sprocket_fulfillment_order_line_items': DROP TABLE `sprocket_fulfillment_order_line_items`[0m
  [4;36;1mSQL (0.013872)[0m   [0;1mCREATE TABLE `sprocket_fulfillment_order_line_items` (`id` int(11) DEFAULT NULL auto_increment PRIMARY KEY, `sprocket_fulfillment_order_id` int(11) DEFAULT NULL, `sku` varchar(20) DEFAULT NULL, `quantity` int(11) DEFAULT NULL, `price` decimal(12,4) DEFAULT NULL, `discount` int(11) DEFAULT NULL) ENGINE=InnoDB[0m
  [4;35;1mSQL (0.000000)[0m   [0mMysql::Error: #42S01Table 'schema_info' already exists: CREATE TABLE `schema_info` (version int(11))[0m
  [4;36;1mSQL (0.012760)[0m   [0;1mSHOW FIELDS FROM `schema_info`[0m
  [4;35;1mSQL (0.000324)[0m   [0mUPDATE schema_info SET version = 0[0m
  [4;36;1mSprocketFulfillmentOrder Columns (0.015574)[0m   [0;1mSHOW FIELDS FROM `sprocket_fulfillment_orders`[0m
WARNING: You're using the Ruby-based MySQL library that ships with Rails. This library is not suited for production. Please install the C-based MySQL library instead (gem install mysql).
  [4;36;1mSQL (0.000186)[0m   [0;1mSET SQL_AUTO_IS_NULL=0[0m
  [4;35;1mSQL (0.192446)[0m   [0mDROP TABLE `sprocket_fulfillment_orders`[0m
  [4;36;1mSQL (0.013944)[0m   [0;1mCREATE TABLE `sprocket_fulfillment_orders` (`id` int(11) DEFAULT NULL auto_increment PRIMARY KEY, `ship_via` varchar(3) DEFAULT NULL, `billing_last_name` varchar(20) DEFAULT NULL, `billing_first_name` varchar(15) DEFAULT NULL, `billing_company` varchar(40) DEFAULT NULL, `billig_address_1` varchar(40) DEFAULT NULL, `billing_address_2` varchar(40) DEFAULT NULL, `billing_city` varchar(20) DEFAULT NULL, `billing_state` varchar(3) DEFAULT NULL, `billing_zipcode` varchar(10) DEFAULT NULL, `billing_phone` varchar(14) DEFAULT NULL, `billing_email` varchar(50) DEFAULT NULL, `billing_country` varchar(3) DEFAULT NULL, `shipping_last_name` varchar(20) DEFAULT NULL, `shipping_first_name` varchar(15) DEFAULT NULL, `shipping_company` varchar(40) DEFAULT NULL, `shipping_address_1` varchar(40) DEFAULT NULL, `shipping_address_2` varchar(40) DEFAULT NULL, `shipping_city` varchar(20) DEFAULT NULL, `shipping_state` varchar(3) DEFAULT NULL, `shipping_zipcode` varchar(10) DEFAULT NULL, `shipping_phone` varchar(14) DEFAULT NULL, `shipping_email` varchar(50) DEFAULT NULL, `shipping_country` varchar(3) DEFAULT NULL, `date_of_original_purchase_transaction` datetime DEFAULT NULL, `id_from_original_purchase_transaction` int(11) DEFAULT NULL, `hold_date` datetime DEFAULT NULL, `shipping_fee` decimal(8,2) DEFAULT NULL, `gift_message_1` varchar(70) DEFAULT NULL, `gift_message_2` varchar(70) DEFAULT NULL, `gift_message_3` varchar(70) DEFAULT NULL, `created_at` datetime DEFAULT NULL, `updated_at` datetime DEFAULT NULL) ENGINE=InnoDB[0m
  [4;35;1mSQL (0.225989)[0m   [0mDROP TABLE `sprocket_fulfillment_order_line_items`[0m
  [4;36;1mSQL (0.001981)[0m   [0;1mCREATE TABLE `sprocket_fulfillment_order_line_items` (`id` int(11) DEFAULT NULL auto_increment PRIMARY KEY, `sprocket_fulfillment_order_id` int(11) DEFAULT NULL, `sku` varchar(20) DEFAULT NULL, `quantity` int(11) DEFAULT NULL, `price` decimal(12,4) DEFAULT NULL, `discount` int(11) DEFAULT NULL) ENGINE=InnoDB[0m
  [4;35;1mSQL (0.000000)[0m   [0mMysql::Error: #42S01Table 'schema_info' already exists: CREATE TABLE `schema_info` (version int(11))[0m
  [4;36;1mSQL (0.002586)[0m   [0;1mSHOW FIELDS FROM `schema_info`[0m
  [4;35;1mSQL (0.000238)[0m   [0mUPDATE schema_info SET version = 0[0m
  [4;36;1mSprocketFulfillmentOrder Columns (0.003860)[0m   [0;1mSHOW FIELDS FROM `sprocket_fulfillment_orders`[0m
WARNING: You're using the Ruby-based MySQL library that ships with Rails. This library is not suited for production. Please install the C-based MySQL library instead (gem install mysql).
  [4;36;1mSQL (0.000188)[0m   [0;1mSET SQL_AUTO_IS_NULL=0[0m
  [4;35;1mSQL (0.008461)[0m   [0mDROP TABLE `sprocket_fulfillment_orders`[0m
  [4;36;1mSQL (0.015262)[0m   [0;1mCREATE TABLE `sprocket_fulfillment_orders` (`id` int(11) DEFAULT NULL auto_increment PRIMARY KEY, `ship_via` varchar(3) DEFAULT NULL, `billing_last_name` varchar(20) DEFAULT NULL, `billing_first_name` varchar(15) DEFAULT NULL, `billing_company` varchar(40) DEFAULT NULL, `billig_address_1` varchar(40) DEFAULT NULL, `billing_address_2` varchar(40) DEFAULT NULL, `billing_city` varchar(20) DEFAULT NULL, `billing_state` varchar(3) DEFAULT NULL, `billing_zipcode` varchar(10) DEFAULT NULL, `billing_phone` varchar(14) DEFAULT NULL, `billing_email` varchar(50) DEFAULT NULL, `billing_country` varchar(3) DEFAULT NULL, `shipping_last_name` varchar(20) DEFAULT NULL, `shipping_first_name` varchar(15) DEFAULT NULL, `shipping_company` varchar(40) DEFAULT NULL, `shipping_address_1` varchar(40) DEFAULT NULL, `shipping_address_2` varchar(40) DEFAULT NULL, `shipping_city` varchar(20) DEFAULT NULL, `shipping_state` varchar(3) DEFAULT NULL, `shipping_zipcode` varchar(10) DEFAULT NULL, `shipping_phone` varchar(14) DEFAULT NULL, `shipping_email` varchar(50) DEFAULT NULL, `shipping_country` varchar(3) DEFAULT NULL, `date_of_original_purchase_transaction` datetime DEFAULT NULL, `id_from_original_purchase_transaction` int(11) DEFAULT NULL, `hold_date` datetime DEFAULT NULL, `shipping_fee` decimal(8,2) DEFAULT NULL, `gift_message_1` varchar(70) DEFAULT NULL, `gift_message_2` varchar(70) DEFAULT NULL, `gift_message_3` varchar(70) DEFAULT NULL, `created_at` datetime DEFAULT NULL, `updated_at` datetime DEFAULT NULL) ENGINE=InnoDB[0m
  [4;35;1mSQL (0.006607)[0m   [0mDROP TABLE `sprocket_fulfillment_order_line_items`[0m
  [4;36;1mSQL (0.009181)[0m   [0;1mCREATE TABLE `sprocket_fulfillment_order_line_items` (`id` int(11) DEFAULT NULL auto_increment PRIMARY KEY, `sprocket_fulfillment_order_id` int(11) DEFAULT NULL, `sku` varchar(20) DEFAULT NULL, `quantity` int(11) DEFAULT NULL, `price` decimal(12,4) DEFAULT NULL, `discount` int(11) DEFAULT NULL) ENGINE=InnoDB[0m
  [4;35;1mSQL (0.000000)[0m   [0mMysql::Error: #42S01Table 'schema_info' already exists: CREATE TABLE `schema_info` (version int(11))[0m
  [4;36;1mSQL (0.001681)[0m   [0;1mSHOW FIELDS FROM `schema_info`[0m
  [4;35;1mSQL (0.000440)[0m   [0mUPDATE schema_info SET version = 0[0m
WARNING: You're using the Ruby-based MySQL library that ships with Rails. This library is not suited for production. Please install the C-based MySQL library instead (gem install mysql).
  [4;36;1mSQL (0.000190)[0m   [0;1mSET SQL_AUTO_IS_NULL=0[0m
  [4;35;1mSQL (0.005430)[0m   [0mDROP TABLE `sprocket_fulfillment_orders`[0m
  [4;36;1mSQL (0.006848)[0m   [0;1mCREATE TABLE `sprocket_fulfillment_orders` (`id` int(11) DEFAULT NULL auto_increment PRIMARY KEY, `ship_via` varchar(3) DEFAULT NULL, `billing_last_name` varchar(20) DEFAULT NULL, `billing_first_name` varchar(15) DEFAULT NULL, `billing_company` varchar(40) DEFAULT NULL, `billig_address_1` varchar(40) DEFAULT NULL, `billing_address_2` varchar(40) DEFAULT NULL, `billing_city` varchar(20) DEFAULT NULL, `billing_state` varchar(3) DEFAULT NULL, `billing_zipcode` varchar(10) DEFAULT NULL, `billing_phone` varchar(14) DEFAULT NULL, `billing_email` varchar(50) DEFAULT NULL, `billing_country` varchar(3) DEFAULT NULL, `shipping_last_name` varchar(20) DEFAULT NULL, `shipping_first_name` varchar(15) DEFAULT NULL, `shipping_company` varchar(40) DEFAULT NULL, `shipping_address_1` varchar(40) DEFAULT NULL, `shipping_address_2` varchar(40) DEFAULT NULL, `shipping_city` varchar(20) DEFAULT NULL, `shipping_state` varchar(3) DEFAULT NULL, `shipping_zipcode` varchar(10) DEFAULT NULL, `shipping_phone` varchar(14) DEFAULT NULL, `shipping_email` varchar(50) DEFAULT NULL, `shipping_country` varchar(3) DEFAULT NULL, `date_of_original_purchase_transaction` datetime DEFAULT NULL, `id_from_original_purchase_transaction` int(11) DEFAULT NULL, `hold_date` datetime DEFAULT NULL, `shipping_fee` decimal(8,2) DEFAULT NULL, `gift_message_1` varchar(70) DEFAULT NULL, `gift_message_2` varchar(70) DEFAULT NULL, `gift_message_3` varchar(70) DEFAULT NULL, `created_at` datetime DEFAULT NULL, `updated_at` datetime DEFAULT NULL) ENGINE=InnoDB[0m
  [4;35;1mSQL (0.001275)[0m   [0mDROP TABLE `sprocket_fulfillment_order_line_items`[0m
  [4;36;1mSQL (0.006155)[0m   [0;1mCREATE TABLE `sprocket_fulfillment_order_line_items` (`id` int(11) DEFAULT NULL auto_increment PRIMARY KEY, `sprocket_fulfillment_order_id` int(11) DEFAULT NULL, `sku` varchar(20) DEFAULT NULL, `quantity` int(11) DEFAULT NULL, `price` decimal(12,4) DEFAULT NULL, `discount` int(11) DEFAULT NULL) ENGINE=InnoDB[0m
  [4;35;1mSQL (0.000000)[0m   [0mMysql::Error: #42S01Table 'schema_info' already exists: CREATE TABLE `schema_info` (version int(11))[0m
  [4;36;1mSQL (0.001530)[0m   [0;1mSHOW FIELDS FROM `schema_info`[0m
  [4;35;1mSQL (0.000379)[0m   [0mUPDATE schema_info SET version = 0[0m
WARNING: You're using the Ruby-based MySQL library that ships with Rails. This library is not suited for production. Please install the C-based MySQL library instead (gem install mysql).
  [4;36;1mSQL (0.000158)[0m   [0;1mSET SQL_AUTO_IS_NULL=0[0m
  [4;35;1mSQL (0.057868)[0m   [0mDROP TABLE `sprocket_fulfillment_orders`[0m
  [4;36;1mSQL (0.006614)[0m   [0;1mCREATE TABLE `sprocket_fulfillment_orders` (`id` int(11) DEFAULT NULL auto_increment PRIMARY KEY, `ship_via` varchar(3) DEFAULT NULL, `billing_last_name` varchar(20) DEFAULT NULL, `billing_first_name` varchar(15) DEFAULT NULL, `billing_company` varchar(40) DEFAULT NULL, `billig_address_1` varchar(40) DEFAULT NULL, `billing_address_2` varchar(40) DEFAULT NULL, `billing_city` varchar(20) DEFAULT NULL, `billing_state` varchar(3) DEFAULT NULL, `billing_zipcode` varchar(10) DEFAULT NULL, `billing_phone` varchar(14) DEFAULT NULL, `billing_email` varchar(50) DEFAULT NULL, `billing_country` varchar(3) DEFAULT NULL, `shipping_last_name` varchar(20) DEFAULT NULL, `shipping_first_name` varchar(15) DEFAULT NULL, `shipping_company` varchar(40) DEFAULT NULL, `shipping_address_1` varchar(40) DEFAULT NULL, `shipping_address_2` varchar(40) DEFAULT NULL, `shipping_city` varchar(20) DEFAULT NULL, `shipping_state` varchar(3) DEFAULT NULL, `shipping_zipcode` varchar(10) DEFAULT NULL, `shipping_phone` varchar(14) DEFAULT NULL, `shipping_email` varchar(50) DEFAULT NULL, `shipping_country` varchar(3) DEFAULT NULL, `date_of_original_purchase_transaction` datetime DEFAULT NULL, `id_from_original_purchase_transaction` int(11) DEFAULT NULL, `hold_date` datetime DEFAULT NULL, `shipping_fee` decimal(8,2) DEFAULT NULL, `gift_message_1` varchar(70) DEFAULT NULL, `gift_message_2` varchar(70) DEFAULT NULL, `gift_message_3` varchar(70) DEFAULT NULL, `created_at` datetime DEFAULT NULL, `updated_at` datetime DEFAULT NULL) ENGINE=InnoDB[0m
  [4;35;1mSQL (0.001413)[0m   [0mDROP TABLE `sprocket_fulfillment_order_line_items`[0m
  [4;36;1mSQL (0.006454)[0m   [0;1mCREATE TABLE `sprocket_fulfillment_order_line_items` (`id` int(11) DEFAULT NULL auto_increment PRIMARY KEY, `sprocket_fulfillment_order_id` int(11) DEFAULT NULL, `sku` varchar(20) DEFAULT NULL, `quantity` int(11) DEFAULT NULL, `price` decimal(12,4) DEFAULT NULL, `discount` int(11) DEFAULT NULL) ENGINE=InnoDB[0m
  [4;35;1mSQL (0.000000)[0m   [0mMysql::Error: #42S01Table 'schema_info' already exists: CREATE TABLE `schema_info` (version int(11))[0m
  [4;36;1mSQL (0.001561)[0m   [0;1mSHOW FIELDS FROM `schema_info`[0m
  [4;35;1mSQL (0.000327)[0m   [0mUPDATE schema_info SET version = 0[0m
WARNING: You're using the Ruby-based MySQL library that ships with Rails. This library is not suited for production. Please install the C-based MySQL library instead (gem install mysql).
  [4;36;1mSQL (0.000147)[0m   [0;1mSET SQL_AUTO_IS_NULL=0[0m
  [4;35;1mSQL (0.012849)[0m   [0mDROP TABLE `sprocket_fulfillment_orders`[0m
  [4;36;1mSQL (0.024938)[0m   [0;1mCREATE TABLE `sprocket_fulfillment_orders` (`id` int(11) DEFAULT NULL auto_increment PRIMARY KEY, `ship_via` varchar(3) DEFAULT NULL, `billing_last_name` varchar(20) DEFAULT NULL, `billing_first_name` varchar(15) DEFAULT NULL, `billing_company` varchar(40) DEFAULT NULL, `billig_address_1` varchar(40) DEFAULT NULL, `billing_address_2` varchar(40) DEFAULT NULL, `billing_city` varchar(20) DEFAULT NULL, `billing_state` varchar(3) DEFAULT NULL, `billing_zipcode` varchar(10) DEFAULT NULL, `billing_phone` varchar(14) DEFAULT NULL, `billing_email` varchar(50) DEFAULT NULL, `billing_country` varchar(3) DEFAULT NULL, `shipping_last_name` varchar(20) DEFAULT NULL, `shipping_first_name` varchar(15) DEFAULT NULL, `shipping_company` varchar(40) DEFAULT NULL, `shipping_address_1` varchar(40) DEFAULT NULL, `shipping_address_2` varchar(40) DEFAULT NULL, `shipping_city` varchar(20) DEFAULT NULL, `shipping_state` varchar(3) DEFAULT NULL, `shipping_zipcode` varchar(10) DEFAULT NULL, `shipping_phone` varchar(14) DEFAULT NULL, `shipping_email` varchar(50) DEFAULT NULL, `shipping_country` varchar(3) DEFAULT NULL, `date_of_original_purchase_transaction` datetime DEFAULT NULL, `id_from_original_purchase_transaction` int(11) DEFAULT NULL, `hold_date` datetime DEFAULT NULL, `shipping_fee` decimal(8,2) DEFAULT NULL, `gift_message_1` varchar(70) DEFAULT NULL, `gift_message_2` varchar(70) DEFAULT NULL, `gift_message_3` varchar(70) DEFAULT NULL, `created_at` datetime DEFAULT NULL, `updated_at` datetime DEFAULT NULL) ENGINE=InnoDB[0m
  [4;35;1mSQL (0.001305)[0m   [0mDROP TABLE `sprocket_fulfillment_order_line_items`[0m
  [4;36;1mSQL (0.006166)[0m   [0;1mCREATE TABLE `sprocket_fulfillment_order_line_items` (`id` int(11) DEFAULT NULL auto_increment PRIMARY KEY, `sprocket_fulfillment_order_id` int(11) DEFAULT NULL, `sku` varchar(20) DEFAULT NULL, `quantity` int(11) DEFAULT NULL, `price` decimal(12,4) DEFAULT NULL, `discount` int(11) DEFAULT NULL) ENGINE=InnoDB[0m
  [4;35;1mSQL (0.000000)[0m   [0mMysql::Error: #42S01Table 'schema_info' already exists: CREATE TABLE `schema_info` (version int(11))[0m
  [4;36;1mSQL (0.001386)[0m   [0;1mSHOW FIELDS FROM `schema_info`[0m
  [4;35;1mSQL (0.000437)[0m   [0mUPDATE schema_info SET version = 0[0m
WARNING: You're using the Ruby-based MySQL library that ships with Rails. This library is not suited for production. Please install the C-based MySQL library instead (gem install mysql).
  [4;36;1mSQL (0.000190)[0m   [0;1mSET SQL_AUTO_IS_NULL=0[0m
  [4;35;1mSQL (0.012713)[0m   [0mDROP TABLE `sprocket_fulfillment_orders`[0m
  [4;36;1mSQL (0.007022)[0m   [0;1mCREATE TABLE `sprocket_fulfillment_orders` (`id` int(11) DEFAULT NULL auto_increment PRIMARY KEY, `ship_via` varchar(3) DEFAULT NULL, `billing_last_name` varchar(20) DEFAULT NULL, `billing_first_name` varchar(15) DEFAULT NULL, `billing_company` varchar(40) DEFAULT NULL, `billig_address_1` varchar(40) DEFAULT NULL, `billing_address_2` varchar(40) DEFAULT NULL, `billing_city` varchar(20) DEFAULT NULL, `billing_state` varchar(3) DEFAULT NULL, `billing_zipcode` varchar(10) DEFAULT NULL, `billing_phone` varchar(14) DEFAULT NULL, `billing_email` varchar(50) DEFAULT NULL, `billing_country` varchar(3) DEFAULT NULL, `shipping_last_name` varchar(20) DEFAULT NULL, `shipping_first_name` varchar(15) DEFAULT NULL, `shipping_company` varchar(40) DEFAULT NULL, `shipping_address_1` varchar(40) DEFAULT NULL, `shipping_address_2` varchar(40) DEFAULT NULL, `shipping_city` varchar(20) DEFAULT NULL, `shipping_state` varchar(3) DEFAULT NULL, `shipping_zipcode` varchar(10) DEFAULT NULL, `shipping_phone` varchar(14) DEFAULT NULL, `shipping_email` varchar(50) DEFAULT NULL, `shipping_country` varchar(3) DEFAULT NULL, `date_of_original_purchase_transaction` datetime DEFAULT NULL, `id_from_original_purchase_transaction` int(11) DEFAULT NULL, `hold_date` datetime DEFAULT NULL, `shipping_fee` decimal(8,2) DEFAULT NULL, `gift_message_1` varchar(70) DEFAULT NULL, `gift_message_2` varchar(70) DEFAULT NULL, `gift_message_3` varchar(70) DEFAULT NULL, `created_at` datetime DEFAULT NULL, `updated_at` datetime DEFAULT NULL) ENGINE=InnoDB[0m
  [4;35;1mSQL (0.001055)[0m   [0mDROP TABLE `sprocket_fulfillment_order_line_items`[0m
  [4;36;1mSQL (0.006559)[0m   [0;1mCREATE TABLE `sprocket_fulfillment_order_line_items` (`id` int(11) DEFAULT NULL auto_increment PRIMARY KEY, `sprocket_fulfillment_order_id` int(11) DEFAULT NULL, `sku` varchar(20) DEFAULT NULL, `quantity` int(11) DEFAULT NULL, `price` decimal(12,4) DEFAULT NULL, `discount` int(11) DEFAULT NULL) ENGINE=InnoDB[0m
  [4;35;1mSQL (0.000000)[0m   [0mMysql::Error: #42S01Table 'schema_info' already exists: CREATE TABLE `schema_info` (version int(11))[0m
  [4;36;1mSQL (0.001578)[0m   [0;1mSHOW FIELDS FROM `schema_info`[0m
  [4;35;1mSQL (0.000276)[0m   [0mUPDATE schema_info SET version = 0[0m
WARNING: You're using the Ruby-based MySQL library that ships with Rails. This library is not suited for production. Please install the C-based MySQL library instead (gem install mysql).
  [4;36;1mSQL (0.000132)[0m   [0;1mSET SQL_AUTO_IS_NULL=0[0m
  [4;35;1mSQL (0.015569)[0m   [0mDROP TABLE `sprocket_fulfillment_orders`[0m
  [4;36;1mSQL (0.006373)[0m   [0;1mCREATE TABLE `sprocket_fulfillment_orders` (`id` int(11) DEFAULT NULL auto_increment PRIMARY KEY, `ship_via` varchar(3) DEFAULT NULL, `billing_last_name` varchar(20) DEFAULT NULL, `billing_first_name` varchar(15) DEFAULT NULL, `billing_company` varchar(40) DEFAULT NULL, `billig_address_1` varchar(40) DEFAULT NULL, `billing_address_2` varchar(40) DEFAULT NULL, `billing_city` varchar(20) DEFAULT NULL, `billing_state` varchar(3) DEFAULT NULL, `billing_zipcode` varchar(10) DEFAULT NULL, `billing_phone` varchar(14) DEFAULT NULL, `billing_email` varchar(50) DEFAULT NULL, `billing_country` varchar(3) DEFAULT NULL, `shipping_last_name` varchar(20) DEFAULT NULL, `shipping_first_name` varchar(15) DEFAULT NULL, `shipping_company` varchar(40) DEFAULT NULL, `shipping_address_1` varchar(40) DEFAULT NULL, `shipping_address_2` varchar(40) DEFAULT NULL, `shipping_city` varchar(20) DEFAULT NULL, `shipping_state` varchar(3) DEFAULT NULL, `shipping_zipcode` varchar(10) DEFAULT NULL, `shipping_phone` varchar(14) DEFAULT NULL, `shipping_email` varchar(50) DEFAULT NULL, `shipping_country` varchar(3) DEFAULT NULL, `date_of_original_purchase_transaction` datetime DEFAULT NULL, `id_from_original_purchase_transaction` int(11) DEFAULT NULL, `hold_date` datetime DEFAULT NULL, `shipping_fee` decimal(8,2) DEFAULT NULL, `gift_message_1` varchar(70) DEFAULT NULL, `gift_message_2` varchar(70) DEFAULT NULL, `gift_message_3` varchar(70) DEFAULT NULL, `created_at` datetime DEFAULT NULL, `updated_at` datetime DEFAULT NULL) ENGINE=InnoDB[0m
  [4;35;1mSQL (0.018586)[0m   [0mDROP TABLE `sprocket_fulfillment_order_line_items`[0m
  [4;36;1mSQL (0.030456)[0m   [0;1mCREATE TABLE `sprocket_fulfillment_order_line_items` (`id` int(11) DEFAULT NULL auto_increment PRIMARY KEY, `sprocket_fulfillment_order_id` int(11) DEFAULT NULL, `sku` varchar(20) DEFAULT NULL, `quantity` int(11) DEFAULT NULL, `price` decimal(12,4) DEFAULT NULL, `discount` int(11) DEFAULT NULL) ENGINE=InnoDB[0m
  [4;35;1mSQL (0.000000)[0m   [0mMysql::Error: #42S01Table 'schema_info' already exists: CREATE TABLE `schema_info` (version int(11))[0m
  [4;36;1mSQL (0.011656)[0m   [0;1mSHOW FIELDS FROM `schema_info`[0m
  [4;35;1mSQL (0.000183)[0m   [0mUPDATE schema_info SET version = 0[0m
WARNING: You're using the Ruby-based MySQL library that ships with Rails. This library is not suited for production. Please install the C-based MySQL library instead (gem install mysql).
  [4;36;1mSQL (0.000170)[0m   [0;1mSET SQL_AUTO_IS_NULL=0[0m
  [4;35;1mSQL (0.005352)[0m   [0mDROP TABLE `sprocket_fulfillment_orders`[0m
  [4;36;1mSQL (0.027759)[0m   [0;1mCREATE TABLE `sprocket_fulfillment_orders` (`id` int(11) DEFAULT NULL auto_increment PRIMARY KEY, `ship_via` varchar(3) DEFAULT NULL, `billing_last_name` varchar(20) DEFAULT NULL, `billing_first_name` varchar(15) DEFAULT NULL, `billing_company` varchar(40) DEFAULT NULL, `billig_address_1` varchar(40) DEFAULT NULL, `billing_address_2` varchar(40) DEFAULT NULL, `billing_city` varchar(20) DEFAULT NULL, `billing_state` varchar(3) DEFAULT NULL, `billing_zipcode` varchar(10) DEFAULT NULL, `billing_phone` varchar(14) DEFAULT NULL, `billing_email` varchar(50) DEFAULT NULL, `billing_country` varchar(3) DEFAULT NULL, `shipping_last_name` varchar(20) DEFAULT NULL, `shipping_first_name` varchar(15) DEFAULT NULL, `shipping_company` varchar(40) DEFAULT NULL, `shipping_address_1` varchar(40) DEFAULT NULL, `shipping_address_2` varchar(40) DEFAULT NULL, `shipping_city` varchar(20) DEFAULT NULL, `shipping_state` varchar(3) DEFAULT NULL, `shipping_zipcode` varchar(10) DEFAULT NULL, `shipping_phone` varchar(14) DEFAULT NULL, `shipping_email` varchar(50) DEFAULT NULL, `shipping_country` varchar(3) DEFAULT NULL, `date_of_original_purchase_transaction` datetime DEFAULT NULL, `id_from_original_purchase_transaction` int(11) DEFAULT NULL, `hold_date` datetime DEFAULT NULL, `shipping_fee` decimal(8,2) DEFAULT NULL, `gift_message_1` varchar(70) DEFAULT NULL, `gift_message_2` varchar(70) DEFAULT NULL, `gift_message_3` varchar(70) DEFAULT NULL, `created_at` datetime DEFAULT NULL, `updated_at` datetime DEFAULT NULL) ENGINE=InnoDB[0m
  [4;35;1mSQL (0.008841)[0m   [0mDROP TABLE `sprocket_fulfillment_order_line_items`[0m
  [4;36;1mSQL (0.025548)[0m   [0;1mCREATE TABLE `sprocket_fulfillment_order_line_items` (`id` int(11) DEFAULT NULL auto_increment PRIMARY KEY, `sprocket_fulfillment_order_id` int(11) DEFAULT NULL, `sku` varchar(20) DEFAULT NULL, `quantity` int(11) DEFAULT NULL, `price` decimal(12,4) DEFAULT NULL, `discount` int(11) DEFAULT NULL) ENGINE=InnoDB[0m
  [4;35;1mSQL (0.000000)[0m   [0mMysql::Error: #42S01Table 'schema_info' already exists: CREATE TABLE `schema_info` (version int(11))[0m
  [4;36;1mSQL (0.024759)[0m   [0;1mSHOW FIELDS FROM `schema_info`[0m
  [4;35;1mSQL (0.000275)[0m   [0mUPDATE schema_info SET version = 0[0m
WARNING: You're using the Ruby-based MySQL library that ships with Rails. This library is not suited for production. Please install the C-based MySQL library instead (gem install mysql).
  [4;36;1mSQL (0.000147)[0m   [0;1mSET SQL_AUTO_IS_NULL=0[0m
  [4;35;1mSQL (0.001303)[0m   [0mDROP TABLE `sprocket_fulfillment_orders`[0m
  [4;36;1mSQL (0.020500)[0m   [0;1mCREATE TABLE `sprocket_fulfillment_orders` (`id` int(11) DEFAULT NULL auto_increment PRIMARY KEY, `ship_via` varchar(3) DEFAULT NULL, `billing_last_name` varchar(20) DEFAULT NULL, `billing_first_name` varchar(15) DEFAULT NULL, `billing_company` varchar(40) DEFAULT NULL, `billig_address_1` varchar(40) DEFAULT NULL, `billing_address_2` varchar(40) DEFAULT NULL, `billing_city` varchar(20) DEFAULT NULL, `billing_state` varchar(3) DEFAULT NULL, `billing_zipcode` varchar(10) DEFAULT NULL, `billing_phone` varchar(14) DEFAULT NULL, `billing_email` varchar(50) DEFAULT NULL, `billing_country` varchar(3) DEFAULT NULL, `shipping_last_name` varchar(20) DEFAULT NULL, `shipping_first_name` varchar(15) DEFAULT NULL, `shipping_company` varchar(40) DEFAULT NULL, `shipping_address_1` varchar(40) DEFAULT NULL, `shipping_address_2` varchar(40) DEFAULT NULL, `shipping_city` varchar(20) DEFAULT NULL, `shipping_state` varchar(3) DEFAULT NULL, `shipping_zipcode` varchar(10) DEFAULT NULL, `shipping_phone` varchar(14) DEFAULT NULL, `shipping_email` varchar(50) DEFAULT NULL, `shipping_country` varchar(3) DEFAULT NULL, `date_of_original_purchase_transaction` datetime DEFAULT NULL, `id_from_original_purchase_transaction` int(11) DEFAULT NULL, `hold_date` datetime DEFAULT NULL, `shipping_fee` decimal(8,2) DEFAULT NULL, `gift_message_1` varchar(70) DEFAULT NULL, `gift_message_2` varchar(70) DEFAULT NULL, `gift_message_3` varchar(70) DEFAULT NULL, `created_at` datetime DEFAULT NULL, `updated_at` datetime DEFAULT NULL) ENGINE=InnoDB[0m
  [4;35;1mSQL (0.001333)[0m   [0mDROP TABLE `sprocket_fulfillment_order_line_items`[0m
  [4;36;1mSQL (0.001409)[0m   [0;1mCREATE TABLE `sprocket_fulfillment_order_line_items` (`id` int(11) DEFAULT NULL auto_increment PRIMARY KEY, `sprocket_fulfillment_order_id` int(11) DEFAULT NULL, `sku` varchar(20) DEFAULT NULL, `quantity` int(11) DEFAULT NULL, `price` decimal(12,4) DEFAULT NULL, `discount` int(11) DEFAULT NULL) ENGINE=InnoDB[0m
  [4;35;1mSQL (0.000000)[0m   [0mMysql::Error: #42S01Table 'schema_info' already exists: CREATE TABLE `schema_info` (version int(11))[0m
  [4;36;1mSQL (0.001337)[0m   [0;1mSHOW FIELDS FROM `schema_info`[0m
  [4;35;1mSQL (0.000259)[0m   [0mUPDATE schema_info SET version = 0[0m
WARNING: You're using the Ruby-based MySQL library that ships with Rails. This library is not suited for production. Please install the C-based MySQL library instead (gem install mysql).
  [4;36;1mSQL (0.000191)[0m   [0;1mSET SQL_AUTO_IS_NULL=0[0m
  [4;35;1mSQL (0.019406)[0m   [0mDROP TABLE `sprocket_fulfillment_orders`[0m
  [4;36;1mSQL (0.002138)[0m   [0;1mCREATE TABLE `sprocket_fulfillment_orders` (`id` int(11) DEFAULT NULL auto_increment PRIMARY KEY, `ship_via` varchar(3) DEFAULT NULL, `billing_last_name` varchar(20) DEFAULT NULL, `billing_first_name` varchar(15) DEFAULT NULL, `billing_company` varchar(40) DEFAULT NULL, `billig_address_1` varchar(40) DEFAULT NULL, `billing_address_2` varchar(40) DEFAULT NULL, `billing_city` varchar(20) DEFAULT NULL, `billing_state` varchar(3) DEFAULT NULL, `billing_zipcode` varchar(10) DEFAULT NULL, `billing_phone` varchar(14) DEFAULT NULL, `billing_email` varchar(50) DEFAULT NULL, `billing_country` varchar(3) DEFAULT NULL, `shipping_last_name` varchar(20) DEFAULT NULL, `shipping_first_name` varchar(15) DEFAULT NULL, `shipping_company` varchar(40) DEFAULT NULL, `shipping_address_1` varchar(40) DEFAULT NULL, `shipping_address_2` varchar(40) DEFAULT NULL, `shipping_city` varchar(20) DEFAULT NULL, `shipping_state` varchar(3) DEFAULT NULL, `shipping_zipcode` varchar(10) DEFAULT NULL, `shipping_phone` varchar(14) DEFAULT NULL, `shipping_email` varchar(50) DEFAULT NULL, `shipping_country` varchar(3) DEFAULT NULL, `date_of_original_purchase_transaction` datetime DEFAULT NULL, `id_from_original_purchase_transaction` int(11) DEFAULT NULL, `hold_date` datetime DEFAULT NULL, `shipping_fee` decimal(8,2) DEFAULT NULL, `gift_message_1` varchar(70) DEFAULT NULL, `gift_message_2` varchar(70) DEFAULT NULL, `gift_message_3` varchar(70) DEFAULT NULL, `created_at` datetime DEFAULT NULL, `updated_at` datetime DEFAULT NULL) ENGINE=InnoDB[0m
  [4;35;1mSQL (0.004315)[0m   [0mDROP TABLE `sprocket_fulfillment_order_line_items`[0m
  [4;36;1mSQL (0.026891)[0m   [0;1mCREATE TABLE `sprocket_fulfillment_order_line_items` (`id` int(11) DEFAULT NULL auto_increment PRIMARY KEY, `sprocket_fulfillment_order_id` int(11) DEFAULT NULL, `sku` varchar(20) DEFAULT NULL, `quantity` int(11) DEFAULT NULL, `price` decimal(12,4) DEFAULT NULL, `discount` int(11) DEFAULT NULL) ENGINE=InnoDB[0m
  [4;35;1mSQL (0.000000)[0m   [0mMysql::Error: #42S01Table 'schema_info' already exists: CREATE TABLE `schema_info` (version int(11))[0m
  [4;36;1mSQL (0.001311)[0m   [0;1mSHOW FIELDS FROM `schema_info`[0m
  [4;35;1mSQL (0.000308)[0m   [0mUPDATE schema_info SET version = 0[0m
WARNING: You're using the Ruby-based MySQL library that ships with Rails. This library is not suited for production. Please install the C-based MySQL library instead (gem install mysql).
  [4;36;1mSQL (0.000165)[0m   [0;1mSET SQL_AUTO_IS_NULL=0[0m
  [4;35;1mSQL (0.001378)[0m   [0mDROP TABLE `sprocket_fulfillment_orders`[0m
  [4;36;1mSQL (0.011402)[0m   [0;1mCREATE TABLE `sprocket_fulfillment_orders` (`id` int(11) DEFAULT NULL auto_increment PRIMARY KEY, `ship_via` varchar(3) DEFAULT NULL, `billing_last_name` varchar(20) DEFAULT NULL, `billing_first_name` varchar(15) DEFAULT NULL, `billing_company` varchar(40) DEFAULT NULL, `billig_address_1` varchar(40) DEFAULT NULL, `billing_address_2` varchar(40) DEFAULT NULL, `billing_city` varchar(20) DEFAULT NULL, `billing_state` varchar(3) DEFAULT NULL, `billing_zipcode` varchar(10) DEFAULT NULL, `billing_phone` varchar(14) DEFAULT NULL, `billing_email` varchar(50) DEFAULT NULL, `billing_country` varchar(3) DEFAULT NULL, `shipping_last_name` varchar(20) DEFAULT NULL, `shipping_first_name` varchar(15) DEFAULT NULL, `shipping_company` varchar(40) DEFAULT NULL, `shipping_address_1` varchar(40) DEFAULT NULL, `shipping_address_2` varchar(40) DEFAULT NULL, `shipping_city` varchar(20) DEFAULT NULL, `shipping_state` varchar(3) DEFAULT NULL, `shipping_zipcode` varchar(10) DEFAULT NULL, `shipping_phone` varchar(14) DEFAULT NULL, `shipping_email` varchar(50) DEFAULT NULL, `shipping_country` varchar(3) DEFAULT NULL, `date_of_original_purchase_transaction` datetime DEFAULT NULL, `id_from_original_purchase_transaction` int(11) DEFAULT NULL, `hold_date` datetime DEFAULT NULL, `shipping_fee` decimal(8,2) DEFAULT NULL, `gift_message_1` varchar(70) DEFAULT NULL, `gift_message_2` varchar(70) DEFAULT NULL, `gift_message_3` varchar(70) DEFAULT NULL, `created_at` datetime DEFAULT NULL, `updated_at` datetime DEFAULT NULL) ENGINE=InnoDB[0m
  [4;35;1mSQL (0.001001)[0m   [0mDROP TABLE `sprocket_fulfillment_order_line_items`[0m
  [4;36;1mSQL (0.001272)[0m   [0;1mCREATE TABLE `sprocket_fulfillment_order_line_items` (`id` int(11) DEFAULT NULL auto_increment PRIMARY KEY, `sprocket_fulfillment_order_id` int(11) DEFAULT NULL, `sku` varchar(20) DEFAULT NULL, `quantity` int(11) DEFAULT NULL, `price` decimal(12,4) DEFAULT NULL, `discount` int(11) DEFAULT NULL) ENGINE=InnoDB[0m
  [4;35;1mSQL (0.000000)[0m   [0mMysql::Error: #42S01Table 'schema_info' already exists: CREATE TABLE `schema_info` (version int(11))[0m
  [4;36;1mSQL (0.001408)[0m   [0;1mSHOW FIELDS FROM `schema_info`[0m
  [4;35;1mSQL (0.000225)[0m   [0mUPDATE schema_info SET version = 0[0m
WARNING: You're using the Ruby-based MySQL library that ships with Rails. This library is not suited for production. Please install the C-based MySQL library instead (gem install mysql).
  [4;36;1mSQL (0.000149)[0m   [0;1mSET SQL_AUTO_IS_NULL=0[0m
  [4;35;1mSQL (0.001432)[0m   [0mDROP TABLE `sprocket_fulfillment_orders`[0m
  [4;36;1mSQL (0.014062)[0m   [0;1mCREATE TABLE `sprocket_fulfillment_orders` (`id` int(11) DEFAULT NULL auto_increment PRIMARY KEY, `ship_via` varchar(3) DEFAULT NULL, `billing_last_name` varchar(20) DEFAULT NULL, `billing_first_name` varchar(15) DEFAULT NULL, `billing_company` varchar(40) DEFAULT NULL, `billig_address_1` varchar(40) DEFAULT NULL, `billing_address_2` varchar(40) DEFAULT NULL, `billing_city` varchar(20) DEFAULT NULL, `billing_state` varchar(3) DEFAULT NULL, `billing_zipcode` varchar(10) DEFAULT NULL, `billing_phone` varchar(14) DEFAULT NULL, `billing_email` varchar(50) DEFAULT NULL, `billing_country` varchar(3) DEFAULT NULL, `shipping_last_name` varchar(20) DEFAULT NULL, `shipping_first_name` varchar(15) DEFAULT NULL, `shipping_company` varchar(40) DEFAULT NULL, `shipping_address_1` varchar(40) DEFAULT NULL, `shipping_address_2` varchar(40) DEFAULT NULL, `shipping_city` varchar(20) DEFAULT NULL, `shipping_state` varchar(3) DEFAULT NULL, `shipping_zipcode` varchar(10) DEFAULT NULL, `shipping_phone` varchar(14) DEFAULT NULL, `shipping_email` varchar(50) DEFAULT NULL, `shipping_country` varchar(3) DEFAULT NULL, `date_of_original_purchase_transaction` datetime DEFAULT NULL, `id_from_original_purchase_transaction` int(11) DEFAULT NULL, `hold_date` datetime DEFAULT NULL, `shipping_fee` decimal(8,2) DEFAULT NULL, `gift_message_1` varchar(70) DEFAULT NULL, `gift_message_2` varchar(70) DEFAULT NULL, `gift_message_3` varchar(70) DEFAULT NULL, `created_at` datetime DEFAULT NULL, `updated_at` datetime DEFAULT NULL) ENGINE=InnoDB[0m
  [4;35;1mSQL (0.001046)[0m   [0mDROP TABLE `sprocket_fulfillment_order_line_items`[0m
  [4;36;1mSQL (0.001318)[0m   [0;1mCREATE TABLE `sprocket_fulfillment_order_line_items` (`id` int(11) DEFAULT NULL auto_increment PRIMARY KEY, `sprocket_fulfillment_order_id` int(11) DEFAULT NULL, `sku` varchar(20) DEFAULT NULL, `quantity` int(11) DEFAULT NULL, `price` decimal(12,4) DEFAULT NULL, `discount` int(11) DEFAULT NULL) ENGINE=InnoDB[0m
  [4;35;1mSQL (0.000000)[0m   [0mMysql::Error: #42S01Table 'schema_info' already exists: CREATE TABLE `schema_info` (version int(11))[0m
  [4;36;1mSQL (0.001747)[0m   [0;1mSHOW FIELDS FROM `schema_info`[0m
  [4;35;1mSQL (0.000215)[0m   [0mUPDATE schema_info SET version = 0[0m
WARNING: You're using the Ruby-based MySQL library that ships with Rails. This library is not suited for production. Please install the C-based MySQL library instead (gem install mysql).
  [4;36;1mSQL (0.000146)[0m   [0;1mSET SQL_AUTO_IS_NULL=0[0m
  [4;35;1mSQL (0.001265)[0m   [0mDROP TABLE `sprocket_fulfillment_orders`[0m
  [4;36;1mSQL (0.002189)[0m   [0;1mCREATE TABLE `sprocket_fulfillment_orders` (`id` int(11) DEFAULT NULL auto_increment PRIMARY KEY, `ship_via` varchar(3) DEFAULT NULL, `billing_last_name` varchar(20) DEFAULT NULL, `billing_first_name` varchar(15) DEFAULT NULL, `billing_company` varchar(40) DEFAULT NULL, `billig_address_1` varchar(40) DEFAULT NULL, `billing_address_2` varchar(40) DEFAULT NULL, `billing_city` varchar(20) DEFAULT NULL, `billing_state` varchar(3) DEFAULT NULL, `billing_zipcode` varchar(10) DEFAULT NULL, `billing_phone` varchar(14) DEFAULT NULL, `billing_email` varchar(50) DEFAULT NULL, `billing_country` varchar(3) DEFAULT NULL, `shipping_last_name` varchar(20) DEFAULT NULL, `shipping_first_name` varchar(15) DEFAULT NULL, `shipping_company` varchar(40) DEFAULT NULL, `shipping_address_1` varchar(40) DEFAULT NULL, `shipping_address_2` varchar(40) DEFAULT NULL, `shipping_city` varchar(20) DEFAULT NULL, `shipping_state` varchar(3) DEFAULT NULL, `shipping_zipcode` varchar(10) DEFAULT NULL, `shipping_phone` varchar(14) DEFAULT NULL, `shipping_email` varchar(50) DEFAULT NULL, `shipping_country` varchar(3) DEFAULT NULL, `date_of_original_purchase_transaction` datetime DEFAULT NULL, `id_from_original_purchase_transaction` int(11) DEFAULT NULL, `hold_date` datetime DEFAULT NULL, `shipping_fee` decimal(8,2) DEFAULT NULL, `gift_message_1` varchar(70) DEFAULT NULL, `gift_message_2` varchar(70) DEFAULT NULL, `gift_message_3` varchar(70) DEFAULT NULL, `created_at` datetime DEFAULT NULL, `updated_at` datetime DEFAULT NULL) ENGINE=InnoDB[0m
  [4;35;1mSQL (0.019691)[0m   [0mDROP TABLE `sprocket_fulfillment_order_line_items`[0m
  [4;36;1mSQL (0.001391)[0m   [0;1mCREATE TABLE `sprocket_fulfillment_order_line_items` (`id` int(11) DEFAULT NULL auto_increment PRIMARY KEY, `sprocket_fulfillment_order_id` int(11) DEFAULT NULL, `sku` varchar(20) DEFAULT NULL, `quantity` int(11) DEFAULT NULL, `price` decimal(12,4) DEFAULT NULL, `discount` int(11) DEFAULT NULL) ENGINE=InnoDB[0m
  [4;35;1mSQL (0.000000)[0m   [0mMysql::Error: #42S01Table 'schema_info' already exists: CREATE TABLE `schema_info` (version int(11))[0m
  [4;36;1mSQL (0.002500)[0m   [0;1mSHOW FIELDS FROM `schema_info`[0m
  [4;35;1mSQL (0.000219)[0m   [0mUPDATE schema_info SET version = 0[0m
WARNING: You're using the Ruby-based MySQL library that ships with Rails. This library is not suited for production. Please install the C-based MySQL library instead (gem install mysql).
  [4;36;1mSQL (0.000189)[0m   [0;1mSET SQL_AUTO_IS_NULL=0[0m
  [4;35;1mSQL (0.001253)[0m   [0mDROP TABLE `sprocket_fulfillment_orders`[0m
  [4;36;1mSQL (0.012014)[0m   [0;1mCREATE TABLE `sprocket_fulfillment_orders` (`id` int(11) DEFAULT NULL auto_increment PRIMARY KEY, `ship_via` varchar(3) DEFAULT NULL, `billing_last_name` varchar(20) DEFAULT NULL, `billing_first_name` varchar(15) DEFAULT NULL, `billing_company` varchar(40) DEFAULT NULL, `billig_address_1` varchar(40) DEFAULT NULL, `billing_address_2` varchar(40) DEFAULT NULL, `billing_city` varchar(20) DEFAULT NULL, `billing_state` varchar(3) DEFAULT NULL, `billing_zipcode` varchar(10) DEFAULT NULL, `billing_phone` varchar(14) DEFAULT NULL, `billing_email` varchar(50) DEFAULT NULL, `billing_country` varchar(3) DEFAULT NULL, `shipping_last_name` varchar(20) DEFAULT NULL, `shipping_first_name` varchar(15) DEFAULT NULL, `shipping_company` varchar(40) DEFAULT NULL, `shipping_address_1` varchar(40) DEFAULT NULL, `shipping_address_2` varchar(40) DEFAULT NULL, `shipping_city` varchar(20) DEFAULT NULL, `shipping_state` varchar(3) DEFAULT NULL, `shipping_zipcode` varchar(10) DEFAULT NULL, `shipping_phone` varchar(14) DEFAULT NULL, `shipping_email` varchar(50) DEFAULT NULL, `shipping_country` varchar(3) DEFAULT NULL, `date_of_original_purchase_transaction` datetime DEFAULT NULL, `id_from_original_purchase_transaction` int(11) DEFAULT NULL, `hold_date` datetime DEFAULT NULL, `shipping_fee` decimal(8,2) DEFAULT NULL, `gift_message_1` varchar(70) DEFAULT NULL, `gift_message_2` varchar(70) DEFAULT NULL, `gift_message_3` varchar(70) DEFAULT NULL, `created_at` datetime DEFAULT NULL, `updated_at` datetime DEFAULT NULL) ENGINE=InnoDB[0m
  [4;35;1mSQL (0.001125)[0m   [0mDROP TABLE `sprocket_fulfillment_order_line_items`[0m
  [4;36;1mSQL (0.001572)[0m   [0;1mCREATE TABLE `sprocket_fulfillment_order_line_items` (`id` int(11) DEFAULT NULL auto_increment PRIMARY KEY, `sprocket_fulfillment_order_id` int(11) DEFAULT NULL, `sku` varchar(20) DEFAULT NULL, `quantity` int(11) DEFAULT NULL, `price` decimal(12,4) DEFAULT NULL, `discount` int(11) DEFAULT NULL) ENGINE=InnoDB[0m
  [4;35;1mSQL (0.000000)[0m   [0mMysql::Error: #42S01Table 'schema_info' already exists: CREATE TABLE `schema_info` (version int(11))[0m
  [4;36;1mSQL (0.001375)[0m   [0;1mSHOW FIELDS FROM `schema_info`[0m
  [4;35;1mSQL (0.000164)[0m   [0mUPDATE schema_info SET version = 0[0m
WARNING: You're using the Ruby-based MySQL library that ships with Rails. This library is not suited for production. Please install the C-based MySQL library instead (gem install mysql).
  [4;36;1mSQL (0.000144)[0m   [0;1mSET SQL_AUTO_IS_NULL=0[0m
  [4;35;1mSQL (0.001291)[0m   [0mDROP TABLE `sprocket_fulfillment_orders`[0m
  [4;36;1mSQL (0.018344)[0m   [0;1mCREATE TABLE `sprocket_fulfillment_orders` (`id` int(11) DEFAULT NULL auto_increment PRIMARY KEY, `ship_via` varchar(3) DEFAULT NULL, `billing_last_name` varchar(20) DEFAULT NULL, `billing_first_name` varchar(15) DEFAULT NULL, `billing_company` varchar(40) DEFAULT NULL, `billig_address_1` varchar(40) DEFAULT NULL, `billing_address_2` varchar(40) DEFAULT NULL, `billing_city` varchar(20) DEFAULT NULL, `billing_state` varchar(3) DEFAULT NULL, `billing_zipcode` varchar(10) DEFAULT NULL, `billing_phone` varchar(14) DEFAULT NULL, `billing_email` varchar(50) DEFAULT NULL, `billing_country` varchar(3) DEFAULT NULL, `shipping_last_name` varchar(20) DEFAULT NULL, `shipping_first_name` varchar(15) DEFAULT NULL, `shipping_company` varchar(40) DEFAULT NULL, `shipping_address_1` varchar(40) DEFAULT NULL, `shipping_address_2` varchar(40) DEFAULT NULL, `shipping_city` varchar(20) DEFAULT NULL, `shipping_state` varchar(3) DEFAULT NULL, `shipping_zipcode` varchar(10) DEFAULT NULL, `shipping_phone` varchar(14) DEFAULT NULL, `shipping_email` varchar(50) DEFAULT NULL, `shipping_country` varchar(3) DEFAULT NULL, `date_of_original_purchase_transaction` datetime DEFAULT NULL, `id_from_original_purchase_transaction` int(11) DEFAULT NULL, `hold_date` datetime DEFAULT NULL, `shipping_fee` decimal(8,2) DEFAULT NULL, `gift_message_1` varchar(70) DEFAULT NULL, `gift_message_2` varchar(70) DEFAULT NULL, `gift_message_3` varchar(70) DEFAULT NULL, `created_at` datetime DEFAULT NULL, `updated_at` datetime DEFAULT NULL) ENGINE=InnoDB[0m
  [4;35;1mSQL (0.001137)[0m   [0mDROP TABLE `sprocket_fulfillment_order_line_items`[0m
  [4;36;1mSQL (0.001314)[0m   [0;1mCREATE TABLE `sprocket_fulfillment_order_line_items` (`id` int(11) DEFAULT NULL auto_increment PRIMARY KEY, `sprocket_fulfillment_order_id` int(11) DEFAULT NULL, `sku` varchar(20) DEFAULT NULL, `quantity` int(11) DEFAULT NULL, `price` decimal(12,4) DEFAULT NULL, `discount` int(11) DEFAULT NULL) ENGINE=InnoDB[0m
  [4;35;1mSQL (0.000000)[0m   [0mMysql::Error: #42S01Table 'schema_info' already exists: CREATE TABLE `schema_info` (version int(11))[0m
  [4;36;1mSQL (0.001549)[0m   [0;1mSHOW FIELDS FROM `schema_info`[0m
  [4;35;1mSQL (0.000373)[0m   [0mUPDATE schema_info SET version = 0[0m
WARNING: You're using the Ruby-based MySQL library that ships with Rails. This library is not suited for production. Please install the C-based MySQL library instead (gem install mysql).
  [4;36;1mSQL (0.000254)[0m   [0;1mSET SQL_AUTO_IS_NULL=0[0m
  [4;35;1mSQL (0.001493)[0m   [0mDROP TABLE `sprocket_fulfillment_orders`[0m
  [4;36;1mSQL (0.007707)[0m   [0;1mCREATE TABLE `sprocket_fulfillment_orders` (`id` int(11) DEFAULT NULL auto_increment PRIMARY KEY, `ship_via` varchar(3) DEFAULT NULL, `billing_last_name` varchar(20) DEFAULT NULL, `billing_first_name` varchar(15) DEFAULT NULL, `billing_company` varchar(40) DEFAULT NULL, `billig_address_1` varchar(40) DEFAULT NULL, `billing_address_2` varchar(40) DEFAULT NULL, `billing_city` varchar(20) DEFAULT NULL, `billing_state` varchar(3) DEFAULT NULL, `billing_zipcode` varchar(10) DEFAULT NULL, `billing_phone` varchar(14) DEFAULT NULL, `billing_email` varchar(50) DEFAULT NULL, `billing_country` varchar(3) DEFAULT NULL, `shipping_last_name` varchar(20) DEFAULT NULL, `shipping_first_name` varchar(15) DEFAULT NULL, `shipping_company` varchar(40) DEFAULT NULL, `shipping_address_1` varchar(40) DEFAULT NULL, `shipping_address_2` varchar(40) DEFAULT NULL, `shipping_city` varchar(20) DEFAULT NULL, `shipping_state` varchar(3) DEFAULT NULL, `shipping_zipcode` varchar(10) DEFAULT NULL, `shipping_phone` varchar(14) DEFAULT NULL, `shipping_email` varchar(50) DEFAULT NULL, `shipping_country` varchar(3) DEFAULT NULL, `date_of_original_purchase_transaction` datetime DEFAULT NULL, `id_from_original_purchase_transaction` int(11) DEFAULT NULL, `hold_date` datetime DEFAULT NULL, `shipping_fee` decimal(8,2) DEFAULT NULL, `gift_message_1` varchar(70) DEFAULT NULL, `gift_message_2` varchar(70) DEFAULT NULL, `gift_message_3` varchar(70) DEFAULT NULL, `created_at` datetime DEFAULT NULL, `updated_at` datetime DEFAULT NULL) ENGINE=InnoDB[0m
  [4;35;1mSQL (0.001938)[0m   [0mDROP TABLE `sprocket_fulfillment_order_line_items`[0m
  [4;36;1mSQL (0.005129)[0m   [0;1mCREATE TABLE `sprocket_fulfillment_order_line_items` (`id` int(11) DEFAULT NULL auto_increment PRIMARY KEY, `sprocket_fulfillment_order_id` int(11) DEFAULT NULL, `sku` varchar(20) DEFAULT NULL, `quantity` int(11) DEFAULT NULL, `price` decimal(12,4) DEFAULT NULL, `discount` int(11) DEFAULT NULL) ENGINE=InnoDB[0m
  [4;35;1mSQL (0.000000)[0m   [0mMysql::Error: #42S01Table 'schema_info' already exists: CREATE TABLE `schema_info` (version int(11))[0m
  [4;36;1mSQL (0.001373)[0m   [0;1mSHOW FIELDS FROM `schema_info`[0m
  [4;35;1mSQL (0.000441)[0m   [0mUPDATE schema_info SET version = 0[0m
WARNING: You're using the Ruby-based MySQL library that ships with Rails. This library is not suited for production. Please install the C-based MySQL library instead (gem install mysql).
  [4;36;1mSQL (0.000187)[0m   [0;1mSET SQL_AUTO_IS_NULL=0[0m
  [4;35;1mSQL (0.001477)[0m   [0mDROP TABLE `sprocket_fulfillment_orders`[0m
  [4;36;1mSQL (0.007347)[0m   [0;1mCREATE TABLE `sprocket_fulfillment_orders` (`id` int(11) DEFAULT NULL auto_increment PRIMARY KEY, `ship_via` varchar(3) DEFAULT NULL, `billing_last_name` varchar(20) DEFAULT NULL, `billing_first_name` varchar(15) DEFAULT NULL, `billing_company` varchar(40) DEFAULT NULL, `billig_address_1` varchar(40) DEFAULT NULL, `billing_address_2` varchar(40) DEFAULT NULL, `billing_city` varchar(20) DEFAULT NULL, `billing_state` varchar(3) DEFAULT NULL, `billing_zipcode` varchar(10) DEFAULT NULL, `billing_phone` varchar(14) DEFAULT NULL, `billing_email` varchar(50) DEFAULT NULL, `billing_country` varchar(3) DEFAULT NULL, `shipping_last_name` varchar(20) DEFAULT NULL, `shipping_first_name` varchar(15) DEFAULT NULL, `shipping_company` varchar(40) DEFAULT NULL, `shipping_address_1` varchar(40) DEFAULT NULL, `shipping_address_2` varchar(40) DEFAULT NULL, `shipping_city` varchar(20) DEFAULT NULL, `shipping_state` varchar(3) DEFAULT NULL, `shipping_zipcode` varchar(10) DEFAULT NULL, `shipping_phone` varchar(14) DEFAULT NULL, `shipping_email` varchar(50) DEFAULT NULL, `shipping_country` varchar(3) DEFAULT NULL, `date_of_original_purchase_transaction` datetime DEFAULT NULL, `id_from_original_purchase_transaction` int(11) DEFAULT NULL, `hold_date` datetime DEFAULT NULL, `shipping_fee` decimal(8,2) DEFAULT NULL, `gift_message_1` varchar(70) DEFAULT NULL, `gift_message_2` varchar(70) DEFAULT NULL, `gift_message_3` varchar(70) DEFAULT NULL, `created_at` datetime DEFAULT NULL, `updated_at` datetime DEFAULT NULL) ENGINE=InnoDB[0m
  [4;35;1mSQL (0.000972)[0m   [0mDROP TABLE `sprocket_fulfillment_order_line_items`[0m
  [4;36;1mSQL (0.001681)[0m   [0;1mCREATE TABLE `sprocket_fulfillment_order_line_items` (`id` int(11) DEFAULT NULL auto_increment PRIMARY KEY, `sprocket_fulfillment_order_id` int(11) DEFAULT NULL, `sku` varchar(20) DEFAULT NULL, `quantity` int(11) DEFAULT NULL, `price` decimal(12,4) DEFAULT NULL, `discount` int(11) DEFAULT NULL) ENGINE=InnoDB[0m
  [4;35;1mSQL (0.000000)[0m   [0mMysql::Error: #42S01Table 'schema_info' already exists: CREATE TABLE `schema_info` (version int(11))[0m
  [4;36;1mSQL (0.001362)[0m   [0;1mSHOW FIELDS FROM `schema_info`[0m
  [4;35;1mSQL (0.000276)[0m   [0mUPDATE schema_info SET version = 0[0m
